<?xml version="1.0" encoding="UTF-8"?>
<!-- Generated by org.testng.reporters.JUnitReportReporter -->
<testsuite skipped="0" hostname="SandeepRaulo-PC" name="in.amazon.tests.AmazonShoppingTest" tests="1" failures="0" timestamp="02 Apr 2018 14:08:59 GMT" time="73.724" errors="0">
  <testcase name="amazonTest" time="73.724" classname="in.amazon.tests.AmazonShoppingTest"/>
</testsuite> <!-- in.amazon.tests.AmazonShoppingTest -->
